07:29:43 [Test worker] INFO  manager.ApplicationManager - Tests starts on Chrome Driver
07:29:48 [Test worker] INFO  tests.TestBase - Start test -->removeAllContacts
07:29:48 [Test worker] INFO  manager.MyListener - start search element by locator --->By.xpath: //button[text()='Sign Out']
07:29:58 [Test worker] INFO  manager.MyListener - The element with locator ---> By.xpath: //button[text()='Sign Out']was found
07:29:58 [Test worker] INFO  manager.MyListener - start search element by locator --->By.xpath: //a[text()='LOGIN']
07:29:58 [Test worker] INFO  manager.MyListener - The element with locator ---> By.xpath: //a[text()='LOGIN']was found
07:29:58 [Test worker] INFO  manager.MyListener - start search element by locator --->By.xpath: //input[1]
07:29:58 [Test worker] INFO  manager.MyListener - The element with locator ---> By.xpath: //input[1]was found
07:29:59 [Test worker] INFO  manager.MyListener - start search element by locator --->By.xpath: //input[2]
07:29:59 [Test worker] INFO  manager.MyListener - The element with locator ---> By.xpath: //input[2]was found
07:30:00 [Test worker] INFO  manager.MyListener - start search element by locator --->By.xpath: //button[1]
07:30:00 [Test worker] INFO  manager.MyListener - The element with locator ---> By.xpath: //button[1]was found
07:30:01 [Test worker] INFO  manager.MyListener - start search element by locator --->By.cssSelector: .contact-item_card__2SOIM
07:30:01 [Test worker] INFO  manager.MyListener - The element with locator ---> By.cssSelector: .contact-item_card__2SOIMwas found
07:30:01 [Test worker] INFO  manager.MyListener - start search element by locator --->By.cssSelector: .contact-item_card__2SOIM
07:30:02 [Test worker] INFO  manager.MyListener - The element with locator ---> By.cssSelector: .contact-item_card__2SOIMwas found
07:30:02 [Test worker] INFO  manager.HelperBase - Count of contacts before6
07:30:02 [Test worker] INFO  manager.MyListener - start search element by locator --->By.cssSelector: .contact-item_card__2SOIM
07:30:02 [Test worker] INFO  manager.MyListener - The element with locator ---> By.cssSelector: .contact-item_card__2SOIMwas found
07:30:02 [Test worker] INFO  manager.MyListener - start search element by locator --->By.cssSelector: .contact-item_card__2SOIM h3
07:30:02 [Test worker] INFO  manager.MyListener - The element with locator ---> By.cssSelector: .contact-item_card__2SOIM h3was found
07:30:02 [Test worker] INFO  manager.HelperBase - The element that was deleted had phone number --->12345671502
07:30:02 [Test worker] INFO  manager.MyListener - start search element by locator --->By.cssSelector: .contact-item_card__2SOIM
07:30:02 [Test worker] INFO  manager.MyListener - The element with locator ---> By.cssSelector: .contact-item_card__2SOIMwas found
07:30:02 [Test worker] INFO  manager.MyListener - start search element by locator --->By.xpath: //button[.='Remove']
07:30:02 [Test worker] INFO  manager.MyListener - The element with locator ---> By.xpath: //button[.='Remove']was found
07:30:03 [Test worker] INFO  manager.MyListener - start search element by locator --->By.cssSelector: .contact-item_card__2SOIM
07:30:03 [Test worker] INFO  manager.MyListener - The element with locator ---> By.cssSelector: .contact-item_card__2SOIMwas found
07:30:03 [Test worker] INFO  manager.HelperBase - Count of contacts5
07:30:03 [Test worker] INFO  manager.MyListener - start search element by locator --->By.cssSelector: .contact-item_card__2SOIM
07:30:03 [Test worker] INFO  manager.MyListener - The element with locator ---> By.cssSelector: .contact-item_card__2SOIMwas found
07:30:03 [Test worker] INFO  manager.MyListener - start search element by locator --->By.cssSelector: .contact-item_card__2SOIM
07:30:03 [Test worker] INFO  manager.MyListener - The element with locator ---> By.cssSelector: .contact-item_card__2SOIMwas found
07:30:03 [Test worker] INFO  manager.HelperBase - Count of contacts before5
07:30:03 [Test worker] INFO  manager.MyListener - start search element by locator --->By.cssSelector: .contact-item_card__2SOIM
07:30:03 [Test worker] INFO  manager.MyListener - The element with locator ---> By.cssSelector: .contact-item_card__2SOIMwas found
07:30:03 [Test worker] INFO  manager.MyListener - start search element by locator --->By.cssSelector: .contact-item_card__2SOIM h3
07:30:03 [Test worker] INFO  manager.MyListener - The element with locator ---> By.cssSelector: .contact-item_card__2SOIM h3was found
07:30:03 [Test worker] INFO  manager.HelperBase - The element that was deleted had phone number --->12345671507
07:30:03 [Test worker] INFO  manager.MyListener - start search element by locator --->By.cssSelector: .contact-item_card__2SOIM
07:30:03 [Test worker] INFO  manager.MyListener - The element with locator ---> By.cssSelector: .contact-item_card__2SOIMwas found
07:30:03 [Test worker] INFO  manager.MyListener - start search element by locator --->By.xpath: //button[.='Remove']
07:30:03 [Test worker] INFO  manager.MyListener - The element with locator ---> By.xpath: //button[.='Remove']was found
07:30:04 [Test worker] INFO  manager.MyListener - start search element by locator --->By.cssSelector: .contact-item_card__2SOIM
07:30:04 [Test worker] INFO  manager.MyListener - The element with locator ---> By.cssSelector: .contact-item_card__2SOIMwas found
07:30:04 [Test worker] INFO  manager.HelperBase - Count of contacts5
07:30:04 [Test worker] INFO  manager.MyListener - start search element by locator --->By.cssSelector: .contact-item_card__2SOIM
07:30:04 [Test worker] INFO  manager.MyListener - The element with locator ---> By.cssSelector: .contact-item_card__2SOIMwas found
07:30:04 [Test worker] INFO  manager.MyListener - start search element by locator --->By.cssSelector: .contact-item_card__2SOIM
07:30:04 [Test worker] INFO  manager.MyListener - The element with locator ---> By.cssSelector: .contact-item_card__2SOIMwas found
07:30:04 [Test worker] INFO  manager.HelperBase - Count of contacts before5
07:30:04 [Test worker] INFO  manager.MyListener - start search element by locator --->By.cssSelector: .contact-item_card__2SOIM
07:30:04 [Test worker] INFO  manager.MyListener - The element with locator ---> By.cssSelector: .contact-item_card__2SOIMwas found
07:30:04 [Test worker] INFO  manager.MyListener - start search element by locator --->By.cssSelector: .contact-item_card__2SOIM h3
07:30:04 [Test worker] INFO  manager.MyListener - The element with locator ---> By.cssSelector: .contact-item_card__2SOIM h3was found
07:30:04 [Test worker] INFO  manager.HelperBase - The element that was deleted had phone number --->1234567656
07:30:04 [Test worker] INFO  manager.MyListener - start search element by locator --->By.cssSelector: .contact-item_card__2SOIM
07:30:04 [Test worker] INFO  manager.MyListener - The element with locator ---> By.cssSelector: .contact-item_card__2SOIMwas found
07:30:04 [Test worker] INFO  manager.MyListener - start search element by locator --->By.xpath: //button[.='Remove']
07:30:04 [Test worker] INFO  manager.MyListener - The element with locator ---> By.xpath: //button[.='Remove']was found
07:30:05 [Test worker] INFO  manager.MyListener - start search element by locator --->By.cssSelector: .contact-item_card__2SOIM
07:30:05 [Test worker] INFO  manager.MyListener - The element with locator ---> By.cssSelector: .contact-item_card__2SOIMwas found
07:30:05 [Test worker] INFO  manager.HelperBase - Count of contacts3
07:30:05 [Test worker] INFO  manager.MyListener - start search element by locator --->By.cssSelector: .contact-item_card__2SOIM
07:30:05 [Test worker] INFO  manager.MyListener - The element with locator ---> By.cssSelector: .contact-item_card__2SOIMwas found
07:30:05 [Test worker] INFO  manager.MyListener - start search element by locator --->By.cssSelector: .contact-item_card__2SOIM
07:30:05 [Test worker] INFO  manager.MyListener - The element with locator ---> By.cssSelector: .contact-item_card__2SOIMwas found
07:30:05 [Test worker] INFO  manager.HelperBase - Count of contacts before3
07:30:05 [Test worker] INFO  manager.MyListener - start search element by locator --->By.cssSelector: .contact-item_card__2SOIM
07:30:05 [Test worker] INFO  manager.MyListener - The element with locator ---> By.cssSelector: .contact-item_card__2SOIMwas found
07:30:05 [Test worker] INFO  manager.MyListener - start search element by locator --->By.cssSelector: .contact-item_card__2SOIM h3
07:30:05 [Test worker] INFO  manager.MyListener - The element with locator ---> By.cssSelector: .contact-item_card__2SOIM h3was found
07:30:05 [Test worker] INFO  manager.HelperBase - The element that was deleted had phone number --->1234567662
07:30:05 [Test worker] INFO  manager.MyListener - start search element by locator --->By.cssSelector: .contact-item_card__2SOIM
07:30:05 [Test worker] INFO  manager.MyListener - The element with locator ---> By.cssSelector: .contact-item_card__2SOIMwas found
07:30:05 [Test worker] INFO  manager.MyListener - start search element by locator --->By.xpath: //button[.='Remove']
07:30:05 [Test worker] INFO  manager.MyListener - The element with locator ---> By.xpath: //button[.='Remove']was found
07:30:06 [Test worker] INFO  manager.MyListener - start search element by locator --->By.cssSelector: .contact-item_card__2SOIM
07:30:06 [Test worker] INFO  manager.MyListener - The element with locator ---> By.cssSelector: .contact-item_card__2SOIMwas found
07:30:06 [Test worker] INFO  manager.HelperBase - Count of contacts2
07:30:06 [Test worker] INFO  manager.MyListener - start search element by locator --->By.cssSelector: .contact-item_card__2SOIM
07:30:06 [Test worker] INFO  manager.MyListener - The element with locator ---> By.cssSelector: .contact-item_card__2SOIMwas found
07:30:06 [Test worker] INFO  manager.MyListener - start search element by locator --->By.cssSelector: .contact-item_card__2SOIM
07:30:06 [Test worker] INFO  manager.MyListener - The element with locator ---> By.cssSelector: .contact-item_card__2SOIMwas found
07:30:06 [Test worker] INFO  manager.HelperBase - Count of contacts before2
07:30:06 [Test worker] INFO  manager.MyListener - start search element by locator --->By.cssSelector: .contact-item_card__2SOIM
07:30:06 [Test worker] INFO  manager.MyListener - The element with locator ---> By.cssSelector: .contact-item_card__2SOIMwas found
07:30:06 [Test worker] INFO  manager.MyListener - start search element by locator --->By.cssSelector: .contact-item_card__2SOIM h3
07:30:06 [Test worker] INFO  manager.MyListener - The element with locator ---> By.cssSelector: .contact-item_card__2SOIM h3was found
07:30:06 [Test worker] INFO  manager.HelperBase - The element that was deleted had phone number --->1234567667
07:30:06 [Test worker] INFO  manager.MyListener - start search element by locator --->By.cssSelector: .contact-item_card__2SOIM
07:30:06 [Test worker] INFO  manager.MyListener - The element with locator ---> By.cssSelector: .contact-item_card__2SOIMwas found
07:30:07 [Test worker] INFO  manager.MyListener - start search element by locator --->By.xpath: //button[.='Remove']
07:30:07 [Test worker] INFO  manager.MyListener - The element with locator ---> By.xpath: //button[.='Remove']was found
07:30:07 [Test worker] INFO  manager.MyListener - start search element by locator --->By.cssSelector: .contact-item_card__2SOIM
07:30:07 [Test worker] INFO  manager.MyListener - The element with locator ---> By.cssSelector: .contact-item_card__2SOIMwas found
07:30:07 [Test worker] INFO  manager.HelperBase - Count of contacts1
07:30:07 [Test worker] INFO  manager.MyListener - start search element by locator --->By.cssSelector: .contact-item_card__2SOIM
07:30:07 [Test worker] INFO  manager.MyListener - The element with locator ---> By.cssSelector: .contact-item_card__2SOIMwas found
07:30:07 [Test worker] INFO  manager.MyListener - start search element by locator --->By.cssSelector: .contact-item_card__2SOIM
07:30:07 [Test worker] INFO  manager.MyListener - The element with locator ---> By.cssSelector: .contact-item_card__2SOIMwas found
07:30:07 [Test worker] INFO  manager.HelperBase - Count of contacts before1
07:30:07 [Test worker] INFO  manager.MyListener - start search element by locator --->By.cssSelector: .contact-item_card__2SOIM
07:30:07 [Test worker] INFO  manager.MyListener - The element with locator ---> By.cssSelector: .contact-item_card__2SOIMwas found
07:30:07 [Test worker] INFO  manager.MyListener - start search element by locator --->By.cssSelector: .contact-item_card__2SOIM h3
07:30:07 [Test worker] INFO  manager.MyListener - The element with locator ---> By.cssSelector: .contact-item_card__2SOIM h3was found
07:30:08 [Test worker] INFO  manager.HelperBase - The element that was deleted had phone number --->1234567672
07:30:08 [Test worker] INFO  manager.MyListener - start search element by locator --->By.cssSelector: .contact-item_card__2SOIM
07:30:08 [Test worker] INFO  manager.MyListener - The element with locator ---> By.cssSelector: .contact-item_card__2SOIMwas found
07:30:08 [Test worker] INFO  manager.MyListener - start search element by locator --->By.xpath: //button[.='Remove']
07:30:08 [Test worker] INFO  manager.MyListener - The element with locator ---> By.xpath: //button[.='Remove']was found
07:30:09 [Test worker] INFO  manager.MyListener - start search element by locator --->By.cssSelector: .contact-item_card__2SOIM
07:30:09 [Test worker] INFO  manager.MyListener - The element with locator ---> By.cssSelector: .contact-item_card__2SOIMwas found
07:30:09 [Test worker] INFO  manager.HelperBase - Count of contacts1
07:30:09 [Test worker] INFO  manager.MyListener - start search element by locator --->By.cssSelector: .contact-item_card__2SOIM
07:30:09 [Test worker] INFO  manager.MyListener - The element with locator ---> By.cssSelector: .contact-item_card__2SOIMwas found
07:30:09 [Test worker] INFO  manager.MyListener - start search element by locator --->By.cssSelector: .contact-item_card__2SOIM
07:30:09 [Test worker] INFO  manager.MyListener - The element with locator ---> By.cssSelector: .contact-item_card__2SOIMwas found
07:30:09 [Test worker] INFO  manager.HelperBase - Count of contacts before1
07:30:09 [Test worker] INFO  manager.MyListener - start search element by locator --->By.cssSelector: .contact-item_card__2SOIM
07:30:09 [Test worker] INFO  manager.MyListener - The element with locator ---> By.cssSelector: .contact-item_card__2SOIMwas found
07:30:09 [Test worker] INFO  manager.MyListener - start search element by locator --->By.cssSelector: .contact-item_card__2SOIM h3
07:30:20 [Test worker] INFO  manager.MyListener - Something went wrong!!
07:30:20 [Test worker] INFO  manager.MyListener - no such element: Unable to locate element: {"method":"css selector","selector":".contact-item_card__2SOIM h3"}
  (Session info: chrome=96.0.4664.45)
For documentation on this error, please visit: https://www.seleniumhq.org/exceptions/no_such_element.html
Build info: version: '3.141.59', revision: 'e82be7d358', time: '2018-11-14T08:17:03'
System info: host: 'DESKTOP-5I9HDR9', ip: '192.168.1.45', os.name: 'Windows 10', os.arch: 'amd64', os.version: '10.0', java.version: '1.8.0_301'
Driver info: org.openqa.selenium.chrome.ChromeDriver
Capabilities {acceptInsecureCerts: false, browserName: chrome, browserVersion: 96.0.4664.45, chrome: {chromedriverVersion: 96.0.4664.45 (76e4c1bb2ab46..., userDataDir: C:\Users\User\AppData\Local...}, goog:chromeOptions: {debuggerAddress: localhost:51677}, javascriptEnabled: true, networkConnectionEnabled: false, pageLoadStrategy: normal, platform: WINDOWS, platformName: WINDOWS, proxy: Proxy(), setWindowRect: true, strictFileInteractability: false, timeouts: {implicit: 0, pageLoad: 300000, script: 30000}, unhandledPromptBehavior: dismiss and notify, webauthn:extension:credBlob: true, webauthn:extension:largeBlob: true, webauthn:virtualAuthenticators: true}
Session ID: 57fbe12de23dc2380deef42a0644687e
*** Element info: {Using=css selector, value=.contact-item_card__2SOIM h3}
07:30:20 [Test worker] INFO  manager.MyListener - org.openqa.selenium.NoSuchElementException: no such element: Unable to locate element: {"method":"css selector","selector":".contact-item_card__2SOIM h3"}
  (Session info: chrome=96.0.4664.45)
For documentation on this error, please visit: https://www.seleniumhq.org/exceptions/no_such_element.html
Build info: version: '3.141.59', revision: 'e82be7d358', time: '2018-11-14T08:17:03'
System info: host: 'DESKTOP-5I9HDR9', ip: '192.168.1.45', os.name: 'Windows 10', os.arch: 'amd64', os.version: '10.0', java.version: '1.8.0_301'
Driver info: org.openqa.selenium.chrome.ChromeDriver
Capabilities {acceptInsecureCerts: false, browserName: chrome, browserVersion: 96.0.4664.45, chrome: {chromedriverVersion: 96.0.4664.45 (76e4c1bb2ab46..., userDataDir: C:\Users\User\AppData\Local...}, goog:chromeOptions: {debuggerAddress: localhost:51677}, javascriptEnabled: true, networkConnectionEnabled: false, pageLoadStrategy: normal, platform: WINDOWS, platformName: WINDOWS, proxy: Proxy(), setWindowRect: true, strictFileInteractability: false, timeouts: {implicit: 0, pageLoad: 300000, script: 30000}, unhandledPromptBehavior: dismiss and notify, webauthn:extension:credBlob: true, webauthn:extension:largeBlob: true, webauthn:virtualAuthenticators: true}
Session ID: 57fbe12de23dc2380deef42a0644687e
*** Element info: {Using=css selector, value=.contact-item_card__2SOIM h3}
07:30:22 [Test worker] INFO  manager.MyListener - This link to screenshot with error ---->src/test/screenshots/screenshot-1820.png
07:30:22 [Test worker] INFO  tests.TestBase - **********************************
