16:59:45 [Test worker] INFO  manager.ApplicationManager - Tests starts on Chrome Driver
16:59:50 [Test worker] INFO  tests.TestBase - Start test -->addNewContactTest
16:59:50 [Test worker] INFO  manager.MyListener - start search element by locator --->By.xpath: //a[normalize-space()='LOGIN']
16:59:50 [Test worker] INFO  manager.MyListener - The element with locator ---> By.xpath: //a[normalize-space()='LOGIN']was found
16:59:50 [Test worker] INFO  manager.MyListener - start search element by locator --->By.xpath: //a[text()='LOGIN']
16:59:50 [Test worker] INFO  manager.MyListener - The element with locator ---> By.xpath: //a[text()='LOGIN']was found
16:59:51 [Test worker] INFO  manager.MyListener - start search element by locator --->By.xpath: //input[1]
16:59:51 [Test worker] INFO  manager.MyListener - The element with locator ---> By.xpath: //input[1]was found
16:59:52 [Test worker] INFO  manager.MyListener - start search element by locator --->By.xpath: //input[2]
16:59:52 [Test worker] INFO  manager.MyListener - The element with locator ---> By.xpath: //input[2]was found
16:59:53 [Test worker] INFO  manager.MyListener - start search element by locator --->By.xpath: //button[1]
16:59:53 [Test worker] INFO  manager.MyListener - The element with locator ---> By.xpath: //button[1]was found
16:59:58 [Test worker] INFO  manager.MyListener - start search element by locator --->By.xpath: //a[normalize-space()='ADD']
16:59:58 [Test worker] INFO  manager.MyListener - The element with locator ---> By.xpath: //a[normalize-space()='ADD']was found
16:59:58 [Test worker] INFO  manager.MyListener - start search element by locator --->By.cssSelector: [placeholder='Name']
16:59:58 [Test worker] INFO  manager.MyListener - The element with locator ---> By.cssSelector: [placeholder='Name']was found
16:59:59 [Test worker] INFO  manager.MyListener - start search element by locator --->By.cssSelector: [placeholder='Last Name']
16:59:59 [Test worker] INFO  manager.MyListener - The element with locator ---> By.cssSelector: [placeholder='Last Name']was found
16:59:59 [Test worker] INFO  manager.MyListener - start search element by locator --->By.cssSelector: [placeholder='Phone']
16:59:59 [Test worker] INFO  manager.MyListener - The element with locator ---> By.cssSelector: [placeholder='Phone']was found
17:00:00 [Test worker] INFO  manager.MyListener - start search element by locator --->By.cssSelector: [placeholder='email']
17:00:00 [Test worker] INFO  manager.MyListener - The element with locator ---> By.cssSelector: [placeholder='email']was found
17:00:00 [Test worker] INFO  manager.MyListener - start search element by locator --->By.cssSelector: [placeholder='Address']
17:00:00 [Test worker] INFO  manager.MyListener - The element with locator ---> By.cssSelector: [placeholder='Address']was found
17:00:01 [Test worker] INFO  manager.MyListener - start search element by locator --->By.cssSelector: [placeholder='description']
17:00:01 [Test worker] INFO  manager.MyListener - The element with locator ---> By.cssSelector: [placeholder='description']was found
17:00:01 [Test worker] INFO  manager.MyListener - start search element by locator --->By.xpath: //button[.='Save']
17:00:01 [Test worker] INFO  manager.MyListener - The element with locator ---> By.xpath: //button[.='Save']was found
17:00:17 [Test worker] INFO  manager.MyListener - Something went wrong!!
17:00:17 [Test worker] INFO  manager.MyListener - element not interactable
  (Session info: chrome=96.0.4664.45)
Build info: version: '3.141.59', revision: 'e82be7d358', time: '2018-11-14T08:17:03'
System info: host: 'DESKTOP-5I9HDR9', ip: '192.168.1.45', os.name: 'Windows 10', os.arch: 'amd64', os.version: '10.0', java.version: '1.8.0_301'
Driver info: org.openqa.selenium.chrome.ChromeDriver
Capabilities {acceptInsecureCerts: false, browserName: chrome, browserVersion: 96.0.4664.45, chrome: {chromedriverVersion: 96.0.4664.45 (76e4c1bb2ab46..., userDataDir: C:\Users\User\AppData\Local...}, goog:chromeOptions: {debuggerAddress: localhost:52005}, javascriptEnabled: true, networkConnectionEnabled: false, pageLoadStrategy: normal, platform: WINDOWS, platformName: WINDOWS, proxy: Proxy(), setWindowRect: true, strictFileInteractability: false, timeouts: {implicit: 0, pageLoad: 300000, script: 30000}, unhandledPromptBehavior: dismiss and notify, webauthn:extension:credBlob: true, webauthn:extension:largeBlob: true, webauthn:virtualAuthenticators: true}
Session ID: f32d306b0b833cb694f27b216ad1a3ad
17:00:17 [Test worker] INFO  manager.MyListener - org.openqa.selenium.ElementNotInteractableException: element not interactable
  (Session info: chrome=96.0.4664.45)
Build info: version: '3.141.59', revision: 'e82be7d358', time: '2018-11-14T08:17:03'
System info: host: 'DESKTOP-5I9HDR9', ip: '192.168.1.45', os.name: 'Windows 10', os.arch: 'amd64', os.version: '10.0', java.version: '1.8.0_301'
Driver info: org.openqa.selenium.chrome.ChromeDriver
Capabilities {acceptInsecureCerts: false, browserName: chrome, browserVersion: 96.0.4664.45, chrome: {chromedriverVersion: 96.0.4664.45 (76e4c1bb2ab46..., userDataDir: C:\Users\User\AppData\Local...}, goog:chromeOptions: {debuggerAddress: localhost:52005}, javascriptEnabled: true, networkConnectionEnabled: false, pageLoadStrategy: normal, platform: WINDOWS, platformName: WINDOWS, proxy: Proxy(), setWindowRect: true, strictFileInteractability: false, timeouts: {implicit: 0, pageLoad: 300000, script: 30000}, unhandledPromptBehavior: dismiss and notify, webauthn:extension:credBlob: true, webauthn:extension:largeBlob: true, webauthn:virtualAuthenticators: true}
Session ID: f32d306b0b833cb694f27b216ad1a3ad
17:00:20 [Test worker] INFO  manager.MyListener - This link to screenshot with error ---->src/test/screenshots/screenshot-17.png
17:00:20 [Test worker] INFO  tests.TestBase - **********************************
17:00:20 [Test worker] INFO  tests.TestBase - Start test -->addNewContactTest
17:00:20 [Test worker] INFO  manager.MyListener - start search element by locator --->By.xpath: //a[normalize-space()='LOGIN']
17:00:37 [Test worker] INFO  manager.MyListener - The element with locator ---> By.xpath: //a[normalize-space()='LOGIN']was found
17:00:37 [Test worker] INFO  manager.MyListener - start search element by locator --->By.xpath: //a[normalize-space()='ADD']
17:00:37 [Test worker] INFO  manager.MyListener - The element with locator ---> By.xpath: //a[normalize-space()='ADD']was found
17:00:38 [Test worker] INFO  manager.MyListener - start search element by locator --->By.cssSelector: [placeholder='Name']
17:00:38 [Test worker] INFO  manager.MyListener - The element with locator ---> By.cssSelector: [placeholder='Name']was found
17:00:38 [Test worker] INFO  manager.MyListener - start search element by locator --->By.cssSelector: [placeholder='Last Name']
17:00:38 [Test worker] INFO  manager.MyListener - The element with locator ---> By.cssSelector: [placeholder='Last Name']was found
17:00:38 [Test worker] INFO  manager.MyListener - start search element by locator --->By.cssSelector: [placeholder='Phone']
17:00:39 [Test worker] INFO  manager.MyListener - The element with locator ---> By.cssSelector: [placeholder='Phone']was found
17:00:39 [Test worker] INFO  manager.MyListener - start search element by locator --->By.cssSelector: [placeholder='email']
17:00:39 [Test worker] INFO  manager.MyListener - The element with locator ---> By.cssSelector: [placeholder='email']was found
17:00:39 [Test worker] INFO  manager.MyListener - start search element by locator --->By.cssSelector: [placeholder='Address']
17:00:39 [Test worker] INFO  manager.MyListener - The element with locator ---> By.cssSelector: [placeholder='Address']was found
17:00:40 [Test worker] INFO  manager.MyListener - start search element by locator --->By.cssSelector: [placeholder='description']
17:00:40 [Test worker] INFO  manager.MyListener - The element with locator ---> By.cssSelector: [placeholder='description']was found
17:00:40 [Test worker] INFO  manager.MyListener - start search element by locator --->By.xpath: //button[.='Save']
17:00:40 [Test worker] INFO  manager.MyListener - The element with locator ---> By.xpath: //button[.='Save']was found
17:00:56 [Test worker] INFO  manager.MyListener - Something went wrong!!
17:00:56 [Test worker] INFO  manager.MyListener - element not interactable
  (Session info: chrome=96.0.4664.45)
Build info: version: '3.141.59', revision: 'e82be7d358', time: '2018-11-14T08:17:03'
System info: host: 'DESKTOP-5I9HDR9', ip: '192.168.1.45', os.name: 'Windows 10', os.arch: 'amd64', os.version: '10.0', java.version: '1.8.0_301'
Driver info: org.openqa.selenium.chrome.ChromeDriver
Capabilities {acceptInsecureCerts: false, browserName: chrome, browserVersion: 96.0.4664.45, chrome: {chromedriverVersion: 96.0.4664.45 (76e4c1bb2ab46..., userDataDir: C:\Users\User\AppData\Local...}, goog:chromeOptions: {debuggerAddress: localhost:52005}, javascriptEnabled: true, networkConnectionEnabled: false, pageLoadStrategy: normal, platform: WINDOWS, platformName: WINDOWS, proxy: Proxy(), setWindowRect: true, strictFileInteractability: false, timeouts: {implicit: 0, pageLoad: 300000, script: 30000}, unhandledPromptBehavior: dismiss and notify, webauthn:extension:credBlob: true, webauthn:extension:largeBlob: true, webauthn:virtualAuthenticators: true}
Session ID: f32d306b0b833cb694f27b216ad1a3ad
17:00:56 [Test worker] INFO  manager.MyListener - org.openqa.selenium.ElementNotInteractableException: element not interactable
  (Session info: chrome=96.0.4664.45)
Build info: version: '3.141.59', revision: 'e82be7d358', time: '2018-11-14T08:17:03'
System info: host: 'DESKTOP-5I9HDR9', ip: '192.168.1.45', os.name: 'Windows 10', os.arch: 'amd64', os.version: '10.0', java.version: '1.8.0_301'
Driver info: org.openqa.selenium.chrome.ChromeDriver
Capabilities {acceptInsecureCerts: false, browserName: chrome, browserVersion: 96.0.4664.45, chrome: {chromedriverVersion: 96.0.4664.45 (76e4c1bb2ab46..., userDataDir: C:\Users\User\AppData\Local...}, goog:chromeOptions: {debuggerAddress: localhost:52005}, javascriptEnabled: true, networkConnectionEnabled: false, pageLoadStrategy: normal, platform: WINDOWS, platformName: WINDOWS, proxy: Proxy(), setWindowRect: true, strictFileInteractability: false, timeouts: {implicit: 0, pageLoad: 300000, script: 30000}, unhandledPromptBehavior: dismiss and notify, webauthn:extension:credBlob: true, webauthn:extension:largeBlob: true, webauthn:virtualAuthenticators: true}
Session ID: f32d306b0b833cb694f27b216ad1a3ad
17:00:57 [Test worker] INFO  manager.MyListener - This link to screenshot with error ---->src/test/screenshots/screenshot-56.png
17:00:57 [Test worker] INFO  tests.TestBase - **********************************
17:00:57 [Test worker] INFO  tests.TestBase - Start test -->addNewContactTest
17:00:57 [Test worker] INFO  manager.MyListener - start search element by locator --->By.xpath: //a[normalize-space()='LOGIN']
17:01:12 [Test worker] INFO  manager.MyListener - The element with locator ---> By.xpath: //a[normalize-space()='LOGIN']was found
17:01:12 [Test worker] INFO  manager.MyListener - start search element by locator --->By.xpath: //a[normalize-space()='ADD']
17:01:12 [Test worker] INFO  manager.MyListener - The element with locator ---> By.xpath: //a[normalize-space()='ADD']was found
17:01:12 [Test worker] INFO  manager.MyListener - start search element by locator --->By.cssSelector: [placeholder='Name']
17:01:13 [Test worker] INFO  manager.MyListener - The element with locator ---> By.cssSelector: [placeholder='Name']was found
17:01:15 [Test worker] INFO  manager.MyListener - start search element by locator --->By.cssSelector: [placeholder='Last Name']
17:01:15 [Test worker] INFO  manager.MyListener - The element with locator ---> By.cssSelector: [placeholder='Last Name']was found
17:01:16 [Test worker] INFO  manager.MyListener - start search element by locator --->By.cssSelector: [placeholder='Phone']
17:01:17 [Test worker] INFO  manager.MyListener - The element with locator ---> By.cssSelector: [placeholder='Phone']was found
17:01:17 [Test worker] INFO  manager.MyListener - start search element by locator --->By.cssSelector: [placeholder='email']
17:01:17 [Test worker] INFO  manager.MyListener - The element with locator ---> By.cssSelector: [placeholder='email']was found
17:01:19 [Test worker] INFO  manager.MyListener - start search element by locator --->By.cssSelector: [placeholder='Address']
17:01:19 [Test worker] INFO  manager.MyListener - The element with locator ---> By.cssSelector: [placeholder='Address']was found
17:01:20 [Test worker] INFO  manager.MyListener - start search element by locator --->By.cssSelector: [placeholder='description']
17:01:20 [Test worker] INFO  manager.MyListener - The element with locator ---> By.cssSelector: [placeholder='description']was found
17:01:21 [Test worker] INFO  manager.MyListener - start search element by locator --->By.xpath: //button[.='Save']
17:01:21 [Test worker] INFO  manager.MyListener - The element with locator ---> By.xpath: //button[.='Save']was found
17:01:36 [Test worker] INFO  manager.MyListener - Something went wrong!!
17:01:36 [Test worker] INFO  manager.MyListener - element not interactable
  (Session info: chrome=96.0.4664.45)
Build info: version: '3.141.59', revision: 'e82be7d358', time: '2018-11-14T08:17:03'
System info: host: 'DESKTOP-5I9HDR9', ip: '192.168.1.45', os.name: 'Windows 10', os.arch: 'amd64', os.version: '10.0', java.version: '1.8.0_301'
Driver info: org.openqa.selenium.chrome.ChromeDriver
Capabilities {acceptInsecureCerts: false, browserName: chrome, browserVersion: 96.0.4664.45, chrome: {chromedriverVersion: 96.0.4664.45 (76e4c1bb2ab46..., userDataDir: C:\Users\User\AppData\Local...}, goog:chromeOptions: {debuggerAddress: localhost:52005}, javascriptEnabled: true, networkConnectionEnabled: false, pageLoadStrategy: normal, platform: WINDOWS, platformName: WINDOWS, proxy: Proxy(), setWindowRect: true, strictFileInteractability: false, timeouts: {implicit: 0, pageLoad: 300000, script: 30000}, unhandledPromptBehavior: dismiss and notify, webauthn:extension:credBlob: true, webauthn:extension:largeBlob: true, webauthn:virtualAuthenticators: true}
Session ID: f32d306b0b833cb694f27b216ad1a3ad
17:01:36 [Test worker] INFO  manager.MyListener - org.openqa.selenium.ElementNotInteractableException: element not interactable
  (Session info: chrome=96.0.4664.45)
Build info: version: '3.141.59', revision: 'e82be7d358', time: '2018-11-14T08:17:03'
System info: host: 'DESKTOP-5I9HDR9', ip: '192.168.1.45', os.name: 'Windows 10', os.arch: 'amd64', os.version: '10.0', java.version: '1.8.0_301'
Driver info: org.openqa.selenium.chrome.ChromeDriver
Capabilities {acceptInsecureCerts: false, browserName: chrome, browserVersion: 96.0.4664.45, chrome: {chromedriverVersion: 96.0.4664.45 (76e4c1bb2ab46..., userDataDir: C:\Users\User\AppData\Local...}, goog:chromeOptions: {debuggerAddress: localhost:52005}, javascriptEnabled: true, networkConnectionEnabled: false, pageLoadStrategy: normal, platform: WINDOWS, platformName: WINDOWS, proxy: Proxy(), setWindowRect: true, strictFileInteractability: false, timeouts: {implicit: 0, pageLoad: 300000, script: 30000}, unhandledPromptBehavior: dismiss and notify, webauthn:extension:credBlob: true, webauthn:extension:largeBlob: true, webauthn:virtualAuthenticators: true}
Session ID: f32d306b0b833cb694f27b216ad1a3ad
17:01:37 [Test worker] INFO  manager.MyListener - This link to screenshot with error ---->src/test/screenshots/screenshot-96.png
17:01:37 [Test worker] INFO  tests.TestBase - **********************************
17:01:37 [Test worker] INFO  tests.TestBase - Start test -->addNewContactTest
17:01:37 [Test worker] INFO  manager.MyListener - start search element by locator --->By.xpath: //a[normalize-space()='LOGIN']
17:01:58 [Test worker] INFO  manager.MyListener - The element with locator ---> By.xpath: //a[normalize-space()='LOGIN']was found
17:01:58 [Test worker] INFO  manager.MyListener - start search element by locator --->By.xpath: //a[normalize-space()='ADD']
17:02:00 [Test worker] INFO  manager.MyListener - The element with locator ---> By.xpath: //a[normalize-space()='ADD']was found
17:02:00 [Test worker] INFO  manager.MyListener - start search element by locator --->By.cssSelector: [placeholder='Name']
17:02:01 [Test worker] INFO  manager.MyListener - The element with locator ---> By.cssSelector: [placeholder='Name']was found
17:02:02 [Test worker] INFO  manager.MyListener - start search element by locator --->By.cssSelector: [placeholder='Last Name']
17:02:06 [Test worker] INFO  manager.MyListener - The element with locator ---> By.cssSelector: [placeholder='Last Name']was found
17:02:07 [Test worker] INFO  manager.MyListener - start search element by locator --->By.cssSelector: [placeholder='Phone']
17:02:07 [Test worker] INFO  manager.MyListener - The element with locator ---> By.cssSelector: [placeholder='Phone']was found
17:02:08 [Test worker] INFO  manager.MyListener - start search element by locator --->By.cssSelector: [placeholder='email']
17:02:08 [Test worker] INFO  manager.MyListener - The element with locator ---> By.cssSelector: [placeholder='email']was found
17:02:10 [Test worker] INFO  manager.MyListener - start search element by locator --->By.cssSelector: [placeholder='Address']
17:02:10 [Test worker] INFO  manager.MyListener - The element with locator ---> By.cssSelector: [placeholder='Address']was found
17:02:11 [Test worker] INFO  manager.MyListener - start search element by locator --->By.cssSelector: [placeholder='description']
17:02:11 [Test worker] INFO  manager.MyListener - The element with locator ---> By.cssSelector: [placeholder='description']was found
17:02:12 [Test worker] INFO  manager.MyListener - start search element by locator --->By.xpath: //button[.='Save']
17:02:12 [Test worker] INFO  manager.MyListener - The element with locator ---> By.xpath: //button[.='Save']was found
17:02:27 [Test worker] INFO  manager.MyListener - Something went wrong!!
17:02:27 [Test worker] INFO  manager.MyListener - element not interactable
  (Session info: chrome=96.0.4664.45)
Build info: version: '3.141.59', revision: 'e82be7d358', time: '2018-11-14T08:17:03'
System info: host: 'DESKTOP-5I9HDR9', ip: '192.168.1.45', os.name: 'Windows 10', os.arch: 'amd64', os.version: '10.0', java.version: '1.8.0_301'
Driver info: org.openqa.selenium.chrome.ChromeDriver
Capabilities {acceptInsecureCerts: false, browserName: chrome, browserVersion: 96.0.4664.45, chrome: {chromedriverVersion: 96.0.4664.45 (76e4c1bb2ab46..., userDataDir: C:\Users\User\AppData\Local...}, goog:chromeOptions: {debuggerAddress: localhost:52005}, javascriptEnabled: true, networkConnectionEnabled: false, pageLoadStrategy: normal, platform: WINDOWS, platformName: WINDOWS, proxy: Proxy(), setWindowRect: true, strictFileInteractability: false, timeouts: {implicit: 0, pageLoad: 300000, script: 30000}, unhandledPromptBehavior: dismiss and notify, webauthn:extension:credBlob: true, webauthn:extension:largeBlob: true, webauthn:virtualAuthenticators: true}
Session ID: f32d306b0b833cb694f27b216ad1a3ad
17:02:27 [Test worker] INFO  manager.MyListener - org.openqa.selenium.ElementNotInteractableException: element not interactable
  (Session info: chrome=96.0.4664.45)
Build info: version: '3.141.59', revision: 'e82be7d358', time: '2018-11-14T08:17:03'
System info: host: 'DESKTOP-5I9HDR9', ip: '192.168.1.45', os.name: 'Windows 10', os.arch: 'amd64', os.version: '10.0', java.version: '1.8.0_301'
Driver info: org.openqa.selenium.chrome.ChromeDriver
Capabilities {acceptInsecureCerts: false, browserName: chrome, browserVersion: 96.0.4664.45, chrome: {chromedriverVersion: 96.0.4664.45 (76e4c1bb2ab46..., userDataDir: C:\Users\User\AppData\Local...}, goog:chromeOptions: {debuggerAddress: localhost:52005}, javascriptEnabled: true, networkConnectionEnabled: false, pageLoadStrategy: normal, platform: WINDOWS, platformName: WINDOWS, proxy: Proxy(), setWindowRect: true, strictFileInteractability: false, timeouts: {implicit: 0, pageLoad: 300000, script: 30000}, unhandledPromptBehavior: dismiss and notify, webauthn:extension:credBlob: true, webauthn:extension:largeBlob: true, webauthn:virtualAuthenticators: true}
Session ID: f32d306b0b833cb694f27b216ad1a3ad
17:02:29 [Test worker] INFO  manager.MyListener - This link to screenshot with error ---->src/test/screenshots/screenshot-147.png
17:02:29 [Test worker] INFO  tests.TestBase - **********************************
17:02:30 [Test worker] INFO  manager.ApplicationManager - Tests finish
