20:59:49 [Test worker] INFO  manager.ApplicationManager - Tests starts on Chrome Driver
20:59:53 [Test worker] INFO  tests.TestBase - Start test -->addNewContactTest
20:59:53 [Test worker] INFO  manager.MyListener - start search element by locator --->By.xpath: //a[normalize-space()='LOGIN']
20:59:53 [Test worker] INFO  manager.MyListener - The element with locator ---> By.xpath: //a[normalize-space()='LOGIN']was found
20:59:53 [Test worker] INFO  manager.MyListener - start search element by locator --->By.xpath: //a[normalize-space()='ADD']
21:00:08 [Test worker] INFO  manager.MyListener - Something went wrong!!
21:00:08 [Test worker] INFO  manager.MyListener - no such element: Unable to locate element: {"method":"xpath","selector":"//a[normalize-space()='ADD']"}
  (Session info: chrome=96.0.4664.45)
For documentation on this error, please visit: https://www.seleniumhq.org/exceptions/no_such_element.html
Build info: version: '3.141.59', revision: 'e82be7d358', time: '2018-11-14T08:17:03'
System info: host: 'DESKTOP-5I9HDR9', ip: '192.168.1.45', os.name: 'Windows 10', os.arch: 'amd64', os.version: '10.0', java.version: '1.8.0_301'
Driver info: org.openqa.selenium.chrome.ChromeDriver
Capabilities {acceptInsecureCerts: false, browserName: chrome, browserVersion: 96.0.4664.45, chrome: {chromedriverVersion: 96.0.4664.45 (76e4c1bb2ab46..., userDataDir: C:\Users\User\AppData\Local...}, goog:chromeOptions: {debuggerAddress: localhost:62180}, javascriptEnabled: true, networkConnectionEnabled: false, pageLoadStrategy: normal, platform: WINDOWS, platformName: WINDOWS, proxy: Proxy(), setWindowRect: true, strictFileInteractability: false, timeouts: {implicit: 0, pageLoad: 300000, script: 30000}, unhandledPromptBehavior: dismiss and notify, webauthn:extension:credBlob: true, webauthn:extension:largeBlob: true, webauthn:virtualAuthenticators: true}
Session ID: 8b3d2dd57937b14882c0e20b6b6c7eb5
*** Element info: {Using=xpath, value=//a[normalize-space()='ADD']}
21:00:08 [Test worker] INFO  manager.MyListener - org.openqa.selenium.NoSuchElementException: no such element: Unable to locate element: {"method":"xpath","selector":"//a[normalize-space()='ADD']"}
  (Session info: chrome=96.0.4664.45)
For documentation on this error, please visit: https://www.seleniumhq.org/exceptions/no_such_element.html
Build info: version: '3.141.59', revision: 'e82be7d358', time: '2018-11-14T08:17:03'
System info: host: 'DESKTOP-5I9HDR9', ip: '192.168.1.45', os.name: 'Windows 10', os.arch: 'amd64', os.version: '10.0', java.version: '1.8.0_301'
Driver info: org.openqa.selenium.chrome.ChromeDriver
Capabilities {acceptInsecureCerts: false, browserName: chrome, browserVersion: 96.0.4664.45, chrome: {chromedriverVersion: 96.0.4664.45 (76e4c1bb2ab46..., userDataDir: C:\Users\User\AppData\Local...}, goog:chromeOptions: {debuggerAddress: localhost:62180}, javascriptEnabled: true, networkConnectionEnabled: false, pageLoadStrategy: normal, platform: WINDOWS, platformName: WINDOWS, proxy: Proxy(), setWindowRect: true, strictFileInteractability: false, timeouts: {implicit: 0, pageLoad: 300000, script: 30000}, unhandledPromptBehavior: dismiss and notify, webauthn:extension:credBlob: true, webauthn:extension:largeBlob: true, webauthn:virtualAuthenticators: true}
Session ID: 8b3d2dd57937b14882c0e20b6b6c7eb5
*** Element info: {Using=xpath, value=//a[normalize-space()='ADD']}
21:00:09 [Test worker] INFO  manager.MyListener - This link to screenshot with error ---->src/test/screenshots/screenshot-8.png
21:00:09 [Test worker] INFO  tests.TestBase - **********************************
21:00:09 [Test worker] INFO  manager.ApplicationManager - Tests finish
