18:04:55 [Test worker] INFO  manager.ApplicationManager - Tests starts on Chrome Driver
18:04:58 [Test worker] INFO  tests.TestBase - Start test -->addNewContactTest
18:04:58 [Test worker] INFO  manager.MyListener - start search element by locator --->By.xpath: //a[normalize-space()='LOGIN']
18:04:58 [Test worker] INFO  manager.MyListener - The element with locator ---> By.xpath: //a[normalize-space()='LOGIN']was found
18:04:59 [Test worker] INFO  manager.MyListener - start search element by locator --->By.xpath: //a[.='ADD']
18:05:14 [Test worker] INFO  manager.MyListener - Something went wrong!!
18:05:14 [Test worker] INFO  manager.MyListener - no such element: Unable to locate element: {"method":"xpath","selector":"//a[.='ADD']"}
  (Session info: chrome=96.0.4664.45)
For documentation on this error, please visit: https://www.seleniumhq.org/exceptions/no_such_element.html
Build info: version: '3.141.59', revision: 'e82be7d358', time: '2018-11-14T08:17:03'
System info: host: 'DESKTOP-5I9HDR9', ip: '192.168.1.45', os.name: 'Windows 10', os.arch: 'amd64', os.version: '10.0', java.version: '1.8.0_301'
Driver info: org.openqa.selenium.chrome.ChromeDriver
Capabilities {acceptInsecureCerts: false, browserName: chrome, browserVersion: 96.0.4664.45, chrome: {chromedriverVersion: 96.0.4664.45 (76e4c1bb2ab46..., userDataDir: C:\Users\User\AppData\Local...}, goog:chromeOptions: {debuggerAddress: localhost:53636}, javascriptEnabled: true, networkConnectionEnabled: false, pageLoadStrategy: normal, platform: WINDOWS, platformName: WINDOWS, proxy: Proxy(), setWindowRect: true, strictFileInteractability: false, timeouts: {implicit: 0, pageLoad: 300000, script: 30000}, unhandledPromptBehavior: dismiss and notify, webauthn:extension:credBlob: true, webauthn:extension:largeBlob: true, webauthn:virtualAuthenticators: true}
Session ID: ee4d398d75dfeccfd5c0a0f232688dc4
*** Element info: {Using=xpath, value=//a[.='ADD']}
18:05:14 [Test worker] INFO  manager.MyListener - org.openqa.selenium.NoSuchElementException: no such element: Unable to locate element: {"method":"xpath","selector":"//a[.='ADD']"}
  (Session info: chrome=96.0.4664.45)
For documentation on this error, please visit: https://www.seleniumhq.org/exceptions/no_such_element.html
Build info: version: '3.141.59', revision: 'e82be7d358', time: '2018-11-14T08:17:03'
System info: host: 'DESKTOP-5I9HDR9', ip: '192.168.1.45', os.name: 'Windows 10', os.arch: 'amd64', os.version: '10.0', java.version: '1.8.0_301'
Driver info: org.openqa.selenium.chrome.ChromeDriver
Capabilities {acceptInsecureCerts: false, browserName: chrome, browserVersion: 96.0.4664.45, chrome: {chromedriverVersion: 96.0.4664.45 (76e4c1bb2ab46..., userDataDir: C:\Users\User\AppData\Local...}, goog:chromeOptions: {debuggerAddress: localhost:53636}, javascriptEnabled: true, networkConnectionEnabled: false, pageLoadStrategy: normal, platform: WINDOWS, platformName: WINDOWS, proxy: Proxy(), setWindowRect: true, strictFileInteractability: false, timeouts: {implicit: 0, pageLoad: 300000, script: 30000}, unhandledPromptBehavior: dismiss and notify, webauthn:extension:credBlob: true, webauthn:extension:largeBlob: true, webauthn:virtualAuthenticators: true}
Session ID: ee4d398d75dfeccfd5c0a0f232688dc4
*** Element info: {Using=xpath, value=//a[.='ADD']}
18:05:14 [Test worker] INFO  manager.MyListener - This link to screenshot with error ---->src/test/screenshots/screenshot-314.png
18:05:14 [Test worker] INFO  tests.TestBase - **********************************
18:05:14 [Test worker] INFO  manager.ApplicationManager - Tests finish
