13:30:33 [Test worker] INFO  manager.ApplicationManager - Tests starts on Chrome Driver
13:30:36 [Test worker] INFO  tests.TestBase - Start test -->addNewContactTest
13:30:36 [Test worker] INFO  manager.MyListener - start search element by locator --->By.xpath: //a[normalize-space()='LOGIN']
13:30:37 [Test worker] INFO  manager.MyListener - The element with locator ---> By.xpath: //a[normalize-space()='LOGIN']was found
13:30:37 [Test worker] INFO  manager.MyListener - start search element by locator --->By.xpath: //a[text()='LOGIN']
13:30:37 [Test worker] INFO  manager.MyListener - The element with locator ---> By.xpath: //a[text()='LOGIN']was found
13:30:38 [Test worker] INFO  manager.MyListener - start search element by locator --->By.xpath: //input[1]
13:30:39 [Test worker] INFO  manager.MyListener - The element with locator ---> By.xpath: //input[1]was found
13:30:40 [Test worker] INFO  manager.MyListener - start search element by locator --->By.xpath: //input[2]
13:30:40 [Test worker] INFO  manager.MyListener - The element with locator ---> By.xpath: //input[2]was found
13:30:42 [Test worker] INFO  manager.MyListener - start search element by locator --->By.xpath: //button[1]
13:30:42 [Test worker] INFO  manager.MyListener - The element with locator ---> By.xpath: //button[1]was found
13:30:47 [Test worker] INFO  manager.MyListener - start search element by locator --->By.xpath: //a[normalize-space()='ADD']
13:30:47 [Test worker] INFO  manager.MyListener - The element with locator ---> By.xpath: //a[normalize-space()='ADD']was found
13:30:48 [Test worker] INFO  manager.MyListener - start search element by locator --->By.cssSelector: [placeholder='Name']
13:30:48 [Test worker] INFO  manager.MyListener - The element with locator ---> By.cssSelector: [placeholder='Name']was found
13:30:48 [Test worker] INFO  manager.MyListener - start search element by locator --->By.cssSelector: [placeholder='Last Name']
13:30:48 [Test worker] INFO  manager.MyListener - The element with locator ---> By.cssSelector: [placeholder='Last Name']was found
13:30:49 [Test worker] INFO  manager.MyListener - start search element by locator --->By.cssSelector: [placeholder='Phone']
13:30:49 [Test worker] INFO  manager.MyListener - The element with locator ---> By.cssSelector: [placeholder='Phone']was found
13:30:50 [Test worker] INFO  manager.MyListener - start search element by locator --->By.cssSelector: [placeholder='email']
13:30:50 [Test worker] INFO  manager.MyListener - The element with locator ---> By.cssSelector: [placeholder='email']was found
13:30:50 [Test worker] INFO  manager.MyListener - start search element by locator --->By.cssSelector: [placeholder='Address']
13:30:50 [Test worker] INFO  manager.MyListener - The element with locator ---> By.cssSelector: [placeholder='Address']was found
13:30:51 [Test worker] INFO  manager.MyListener - start search element by locator --->By.cssSelector: [placeholder='description']
13:30:51 [Test worker] INFO  manager.MyListener - The element with locator ---> By.cssSelector: [placeholder='description']was found
13:30:52 [Test worker] INFO  manager.MyListener - start search element by locator --->By.xpath: //b[normalize-space()='Save']
13:30:52 [Test worker] INFO  manager.MyListener - The element with locator ---> By.xpath: //b[normalize-space()='Save']was found
13:31:14 [Test worker] INFO  manager.MyListener - Something went wrong!!
13:31:14 [Test worker] INFO  manager.MyListener - element not interactable
  (Session info: chrome=96.0.4664.45)
Build info: version: '3.141.59', revision: 'e82be7d358', time: '2018-11-14T08:17:03'
System info: host: 'DESKTOP-5I9HDR9', ip: '192.168.1.45', os.name: 'Windows 10', os.arch: 'amd64', os.version: '10.0', java.version: '1.8.0_301'
Driver info: org.openqa.selenium.chrome.ChromeDriver
Capabilities {acceptInsecureCerts: false, browserName: chrome, browserVersion: 96.0.4664.45, chrome: {chromedriverVersion: 96.0.4664.45 (76e4c1bb2ab46..., userDataDir: C:\Users\User\AppData\Local...}, goog:chromeOptions: {debuggerAddress: localhost:54044}, javascriptEnabled: true, networkConnectionEnabled: false, pageLoadStrategy: normal, platform: WINDOWS, platformName: WINDOWS, proxy: Proxy(), setWindowRect: true, strictFileInteractability: false, timeouts: {implicit: 0, pageLoad: 300000, script: 30000}, unhandledPromptBehavior: dismiss and notify, webauthn:extension:credBlob: true, webauthn:extension:largeBlob: true, webauthn:virtualAuthenticators: true}
Session ID: 5b1477e230223edd8d38fd9742c04433
13:31:14 [Test worker] INFO  manager.MyListener - org.openqa.selenium.ElementNotInteractableException: element not interactable
  (Session info: chrome=96.0.4664.45)
Build info: version: '3.141.59', revision: 'e82be7d358', time: '2018-11-14T08:17:03'
System info: host: 'DESKTOP-5I9HDR9', ip: '192.168.1.45', os.name: 'Windows 10', os.arch: 'amd64', os.version: '10.0', java.version: '1.8.0_301'
Driver info: org.openqa.selenium.chrome.ChromeDriver
Capabilities {acceptInsecureCerts: false, browserName: chrome, browserVersion: 96.0.4664.45, chrome: {chromedriverVersion: 96.0.4664.45 (76e4c1bb2ab46..., userDataDir: C:\Users\User\AppData\Local...}, goog:chromeOptions: {debuggerAddress: localhost:54044}, javascriptEnabled: true, networkConnectionEnabled: false, pageLoadStrategy: normal, platform: WINDOWS, platformName: WINDOWS, proxy: Proxy(), setWindowRect: true, strictFileInteractability: false, timeouts: {implicit: 0, pageLoad: 300000, script: 30000}, unhandledPromptBehavior: dismiss and notify, webauthn:extension:credBlob: true, webauthn:extension:largeBlob: true, webauthn:virtualAuthenticators: true}
Session ID: 5b1477e230223edd8d38fd9742c04433
13:31:18 [Test worker] INFO  manager.MyListener - This link to screenshot with error ---->src/test/screenshots/screenshot-1874.png
13:31:18 [Test worker] INFO  tests.TestBase - **********************************
13:31:18 [Test worker] INFO  manager.ApplicationManager - Tests finish
